2017-08-29 20:44:48: inserted 100 items for search term 'chocolate chip cookies' to recipes.eda_cookies
2017-08-29 20:49:52: inserted 100 items for search term 'oatmeal cookies' to recipes.eda_cookies
2017-08-29 20:54:57: inserted 100 items for search term 'double chocolate cookies' to recipes.eda_cookies
2017-08-29 21:00:01: inserted 100 items for search term 'peanut butter cookies' to recipes.eda_cookies
2017-08-29 21:05:05: inserted 100 items for search term 'snickerdoodles' to recipes.eda_cookies
2017-08-29 21:10:10: inserted 100 items for search term 'sugar cookies' to recipes.eda_cookies
2017-08-29 21:15:13: inserted 100 items for search term 'coconut macaroons' to recipes.eda_cookies
2017-08-29 21:20:17: inserted 100 items for search term 'shortbread cookies' to recipes.eda_cookies
2017-08-29 21:25:22: inserted 100 items for search term 'lemon cookies' to recipes.eda_cookies
2017-08-29 21:30:27: inserted 100 items for search term 'butter cookies' to recipes.eda_cookies
2017-08-29 21:35:31: inserted 100 items for search term 'sandwich cookies' to recipes.eda_cookies
2017-08-29 21:40:36: inserted 100 items for search term 'macadamia cookies' to recipes.eda_cookies
2017-08-29 21:45:38: inserted 27 items for search term 'animal cookies' to recipes.eda_cookies
2017-08-29 21:50:42: inserted 100 items for search term 'christmas cookies' to recipes.eda_cookies
2017-08-29 21:55:48: inserted 100 items for search term 'pumpkin cookies' to recipes.eda_cookies
2017-08-29 22:00:52: inserted 100 items for search term 'almond cookies' to recipes.eda_cookies
2017-08-29 22:05:58: inserted 100 items for search term 'ginger snaps' to recipes.eda_cookies
2017-08-29 22:11:02: inserted 100 items for search term 'raisin cookies' to recipes.eda_cookies
2017-08-29 22:16:07: inserted 100 items for search term 'mint cookies' to recipes.eda_cookies
2017-08-29 22:21:12: inserted 100 items for search term 'caramel cookies' to recipes.eda_cookies
2017-08-29 22:26:17: inserted 100 items for search term 'chewy cookies' to recipes.eda_cookies
2017-08-29 22:31:20: inserted 70 items for search term 'granola cookies' to recipes.eda_cookies
2017-08-29 22:36:25: inserted 100 items for search term 'cinnamon cookies' to recipes.eda_cookies
2017-08-29 22:41:29: inserted 100 items for search term 'thumbprint cookies' to recipes.eda_cookies
2017-08-29 22:46:33: inserted 100 items for search term 'swirl cookies' to recipes.eda_cookies
2017-08-29 22:51:37: inserted 100 items for search term 'No bake cookies' to recipes.eda_cookies
2017-08-29 22:56:40: inserted 100 items for search term 'Macarons' to recipes.eda_cookies
2017-08-29 23:01:44: inserted 100 items for search term 'Chocolate mint cookies' to recipes.eda_cookies
2017-08-29 23:06:47: inserted 28 items for search term 'Chai cookies' to recipes.eda_cookies
2017-08-29 23:11:50: inserted 52 items for search term 'Mexican chocolate cookies' to recipes.eda_cookies
2017-08-29 23:16:54: inserted 100 items for search term 'Cookie butter cookies' to recipes.eda_cookies
2017-08-29 23:21:58: inserted 100 items for search term 'Brownie cookies' to recipes.eda_cookies
2017-08-29 23:27:03: inserted 100 items for search term 'Mint chocolate cookies' to recipes.eda_cookies
2017-08-29 23:32:06: inserted 74 items for search term 'Crinkle cookies' to recipes.eda_cookies
2017-08-29 23:37:11: inserted 100 items for search term 'Pistachio cookies' to recipes.eda_cookies
2017-08-29 23:42:16: inserted 100 items for search term 'Spice cookies' to recipes.eda_cookies
2017-08-29 23:47:22: inserted 100 items for search term 'Molasses cookies' to recipes.eda_cookies
2017-08-29 23:52:26: inserted 100 items for search term 'Chocolate chip sea salt cookies' to recipes.eda_cookies
2017-08-29 23:57:31: inserted 100 items for search term 'Toffee cookies' to recipes.eda_cookies
2017-08-30 00:02:39: inserted 100 items for search term 'Earl grey tea cookies' to recipes.eda_cookies
2017-08-30 00:07:44: inserted 100 items for search term 'Frosted sugar cookies' to recipes.eda_cookies
2017-08-30 00:12:46: inserted 0 items for search term 'GORP cookies' to recipes.eda_cookies
2017-08-30 00:17:48: inserted 21 items for search term 'Madeleine cookies' to recipes.eda_cookies
2017-08-30 00:22:52: inserted 100 items for search term 'Salted caramel cookies' to recipes.eda_cookies
2017-08-30 00:27:57: inserted 100 items for search term 'Banana cookies' to recipes.eda_cookies
2017-08-30 00:33:02: inserted 100 items for search term 'Orange cookies' to recipes.eda_cookies
2017-08-30 00:38:07: inserted 100 items for search term 'Cranberry cookies' to recipes.eda_cookies
2017-08-30 00:43:12: inserted 100 items for search term 'Pan cookies' to recipes.eda_cookies
2017-08-30 00:48:16: inserted 100 items for search term 'Pizza cookies' to recipes.eda_cookies
2017-08-30 00:53:20: inserted 100 items for search term 'lime cookies' to recipes.eda_cookies
2017-08-30 00:58:22: inserted 5 items for search term 'Margarita cookies' to recipes.eda_cookies
2017-08-30 01:03:25: inserted 58 items for search term 'Easter cookies' to recipes.eda_cookies
2017-08-30 01:08:27: inserted 65 items for search term 'Halloween cookies' to recipes.eda_cookies
2017-08-30 01:13:32: inserted 100 items for search term 'Holiday cookies' to recipes.eda_cookies
2017-08-30 01:18:37: inserted 100 items for search term 'Spicy cookies' to recipes.eda_cookies
2017-08-30 01:23:40: inserted 41 items for search term 'Chili cookies' to recipes.eda_cookies
2017-08-30 01:28:45: inserted 100 items for search term 'Pepper cookies' to recipes.eda_cookies
2017-08-30 01:33:50: inserted 100 items for search term 'Ginger cookies' to recipes.eda_cookies
2017-08-30 01:38:55: inserted 100 items for search term 'Apple cookies' to recipes.eda_cookies
2017-08-30 01:44:00: inserted 100 items for search term 'Brown sugar cookies' to recipes.eda_cookies
2017-08-30 01:49:03: inserted 68 items for search term 'Custard cookies' to recipes.eda_cookies
2017-08-30 01:54:07: inserted 100 items for search term 'Glazed cookies' to recipes.eda_cookies
2017-08-30 01:59:12: inserted 100 items for search term 'Easy cookies' to recipes.eda_cookies
2017-08-30 02:04:17: inserted 100 items for search term 'Healthy cookies' to recipes.eda_cookies
2017-08-30 02:09:20: inserted 73 items for search term 'Bacon cookies' to recipes.eda_cookies
2017-08-30 02:14:25: inserted 100 items for search term 'Low fat cookies' to recipes.eda_cookies
2017-08-30 02:19:27: inserted 13 items for search term 'Low carb cookies' to recipes.eda_cookies
2017-08-30 02:24:32: inserted 100 items for search term 'Cheesecake cookies' to recipes.eda_cookies
2017-08-30 02:29:35: inserted 34 items for search term 'Carrot cake cookies' to recipes.eda_cookies
2017-08-30 02:34:40: inserted 100 items for search term 'Olive oil cookies' to recipes.eda_cookies
2017-08-30 02:39:43: inserted 76 items for search term 'Rugelach' to recipes.eda_cookies
2017-08-30 02:44:47: inserted 100 items for search term 'Jam cookies' to recipes.eda_cookies
2017-08-30 02:49:51: inserted 100 items for search term 'Potato cookies' to recipes.eda_cookies
2017-08-30 02:54:53: inserted 3 items for search term 'Italian wedding cookies' to recipes.eda_cookies
2017-08-30 02:59:57: inserted 100 items for search term 'Stuffed cookies' to recipes.eda_cookies
